<?xml version="1.0" encoding="UTF-8"?>
<!-- Generated by org.testng.reporters.JUnitReportReporter -->
<testsuite hostname="DESKTOP-AF33508" failures="0" tests="1" name="selenium.webdriver.datadriventesting.WriteDataFromExcel" time="1.689" errors="0" timestamp="2021-02-06T10:26:26 IST" skipped="0">
  <testcase classname="selenium.webdriver.datadriventesting.WriteDataFromExcel" name="write" time="1.689"/>
  <system-out/>
</testsuite> <!-- selenium.webdriver.datadriventesting.WriteDataFromExcel -->
