<?xml version="1.0" encoding="UTF-8"?>
<!-- Generated by org.testng.reporters.JUnitReportReporter -->
<testsuite hostname="DESKTOP-AF33508" failures="0" tests="2" name="testNG.Assertions" time="10.616" errors="0" timestamp="2021-02-06T10:52:07 IST" skipped="0">
  <testcase classname="testNG.Assertions" name="softdAssert" time="4.886"/>
  <system-out/>
  <testcase classname="testNG.Assertions" name="hardAssert" time="5.730"/>
  <system-out/>
</testsuite> <!-- testNG.Assertions -->
