<?xml version="1.0" encoding="UTF-8"?>
<!-- Generated by org.testng.reporters.JUnitReportReporter -->
<testsuite hostname="DESKTOP-AF33508" failures="0" tests="1" name="selenium.webdriver.actionsclass.ToolTip" time="17.917" errors="0" timestamp="2021-02-06T12:01:30 IST" skipped="0">
  <testcase classname="selenium.webdriver.actionsclass.ToolTip" name="toolTip3" time="17.917"/>
  <system-out/>
</testsuite> <!-- selenium.webdriver.actionsclass.ToolTip -->
