<?xml version="1.0" encoding="UTF-8"?>
<!-- Generated by org.testng.reporters.JUnitReportReporter -->
<testsuite hostname="DESKTOP-AF33508" failures="0" tests="7" name="selenium.webdriver.webelements.Alerts" time="39.479" errors="0" timestamp="2021-02-05T15:58:56 IST" skipped="0">
  <testcase classname="selenium.webdriver.webelements.Alerts" name="confirmAlert1" time="4.734"/>
  <system-out/>
  <testcase classname="selenium.webdriver.webelements.Alerts" name="timeAlert" time="9.544"/>
  <system-out/>
  <testcase classname="selenium.webdriver.webelements.Alerts" name="promptBox" time="5.372"/>
  <system-out/>
  <testcase classname="selenium.webdriver.webelements.Alerts" name="confirmBox" time="5.307"/>
  <system-out/>
  <testcase classname="selenium.webdriver.webelements.Alerts" name="simpleAlert" time="5.704"/>
  <system-out/>
  <testcase classname="selenium.webdriver.webelements.Alerts" name="alertBox" time="4.074"/>
  <system-out/>
  <testcase classname="selenium.webdriver.webelements.Alerts" name="promptAlert1" time="4.744"/>
  <system-out/>
</testsuite> <!-- selenium.webdriver.webelements.Alerts -->
