<?xml version="1.0" encoding="UTF-8"?>
<!-- Generated by org.testng.reporters.JUnitReportReporter -->
<testsuite hostname="DESKTOP-AF33508" failures="0" tests="1" name="selenium.webdriver.webelements.DropDown" time="12.620" errors="0" timestamp="2021-02-05T16:45:19 IST" skipped="0">
  <testcase classname="selenium.webdriver.webelements.DropDown" name="dualDropDown" time="12.620"/>
  <system-out/>
</testsuite> <!-- selenium.webdriver.webelements.DropDown -->
