<?xml version="1.0" encoding="UTF-8"?>
<!-- Generated by org.testng.reporters.JUnitReportReporter -->
<testsuite hostname="DESKTOP-AF33508" failures="0" tests="1" name="selenium.webdriver.datadriventesting.ReadDataFromExcelFile" time="0.498" errors="0" timestamp="2021-02-27T10:42:06 IST" skipped="0">
  <testcase classname="selenium.webdriver.datadriventesting.ReadDataFromExcelFile" name="read" time="0.498"/>
  <system-out/>
</testsuite> <!-- selenium.webdriver.datadriventesting.ReadDataFromExcelFile -->
