<?xml version="1.0" encoding="UTF-8"?>
<!-- Generated by org.testng.reporters.JUnitReportReporter -->
<testsuite hostname="DESKTOP-AF33508" failures="0" tests="9" name="testNG.Prioritization" time="0.015" errors="0" timestamp="2021-02-06T10:38:58 IST" skipped="1">
  <testcase classname="testNG.Prioritization" name="test4" time="0.008"/>
  <system-out/>
  <testcase classname="testNG.Prioritization" name="test2" time="0.002"/>
  <system-out/>
  <testcase classname="testNG.Prioritization" name="test5" time="0.001"/>
  <system-out/>
  <testcase classname="testNG.Prioritization" name="test6" time="0.001"/>
  <system-out/>
  <testcase classname="testNG.Prioritization" name="test8" time="0.000"/>
  <system-out/>
  <testcase classname="testNG.Prioritization" name="test8" time="0.001"/>
  <system-out/>
  <testcase classname="testNG.Prioritization" name="test1" time="0.001"/>
  <system-out/>
  <testcase classname="testNG.Prioritization" name="test3" time="0.001"/>
  <system-out/>
  <testcase classname="testNG.Prioritization" name="test7">
    <skipped/>
  </testcase> <!-- test7 -->
  <system-out/>
</testsuite> <!-- testNG.Prioritization -->
