<?xml version="1.0" encoding="UTF-8"?>
<!-- Generated by org.testng.reporters.JUnitReportReporter -->
<testsuite hostname="DESKTOP-AF33508" failures="0" tests="1" name="selenium.webdriver.actionsclass.Slider" time="7.376" errors="0" timestamp="2021-02-06T11:34:17 IST" skipped="0">
  <testcase classname="selenium.webdriver.actionsclass.Slider" name="slider" time="7.376"/>
  <system-out/>
</testsuite> <!-- selenium.webdriver.actionsclass.Slider -->
