<?xml version="1.0" encoding="UTF-8"?>
<!-- Generated by org.testng.reporters.JUnitReportReporter -->
<testsuite hostname="DESKTOP-AF33508" failures="0" tests="1" name="selenium.webdriver.webelements.WebButton" time="5.212" errors="0" timestamp="2021-02-05T14:22:17 IST" skipped="0">
  <testcase classname="selenium.webdriver.webelements.WebButton" name="button" time="5.212"/>
  <system-out/>
</testsuite> <!-- selenium.webdriver.webelements.WebButton -->
