<?xml version="1.0" encoding="UTF-8"?>
<!-- Generated by org.testng.reporters.JUnitReportReporter -->
<testsuite hostname="DESKTOP-AF33508" failures="0" tests="2" name="testNG.TestngDataProvider" time="0.006" errors="0" timestamp="2021-02-06T11:09:50 IST" skipped="0">
  <testcase classname="testNG.TestngDataProvider" name="myTest" time="0.005"/>
  <system-out/>
  <testcase classname="testNG.TestngDataProvider" name="myTest" time="0.001"/>
  <system-out/>
</testsuite> <!-- testNG.TestngDataProvider -->
