<?xml version="1.0" encoding="UTF-8"?>
<!-- Generated by org.testng.reporters.JUnitReportReporter -->
<testsuite hostname="DESKTOP-AF33508" failures="0" tests="2" name="selenium.webdriver.actionsclass.DoubleClick" time="26.688" errors="0" timestamp="2021-02-06T11:21:43 IST" skipped="0">
  <testcase classname="selenium.webdriver.actionsclass.DoubleClick" name="doubleClick1" time="15.891"/>
  <system-out/>
  <testcase classname="selenium.webdriver.actionsclass.DoubleClick" name="doubleClick" time="10.797"/>
  <system-out/>
</testsuite> <!-- selenium.webdriver.actionsclass.DoubleClick -->
