<?xml version="1.0" encoding="UTF-8"?>
<!-- Generated by org.testng.reporters.JUnitReportReporter -->
<testsuite hostname="DESKTOP-AF33508" failures="0" tests="3" name="selenium.webdriver.webelements.IFrame" time="14.225" errors="0" timestamp="2021-02-05T17:20:54 IST" skipped="0">
  <testcase classname="selenium.webdriver.webelements.IFrame" name="countNoofIFramesUsingWebElement" time="4.403"/>
  <system-out/>
  <testcase classname="selenium.webdriver.webelements.IFrame" name="countNoofIFramesUsingJS" time="5.201"/>
  <system-out/>
  <testcase classname="selenium.webdriver.webelements.IFrame" name="iFrame" time="4.621"/>
  <system-out/>
</testsuite> <!-- selenium.webdriver.webelements.IFrame -->
