<?xml version="1.0" encoding="UTF-8"?>
<!-- Generated by org.testng.reporters.JUnitReportReporter -->
<testsuite hostname="DESKTOP-AF33508" failures="0" tests="3" name="testNG.Grouping" time="20.244" errors="0" timestamp="2021-02-06T10:45:11 IST" skipped="0">
  <testcase classname="testNG.Grouping" name="rightClick" time="7.417"/>
  <system-out/>
  <testcase classname="testNG.Grouping" name="toolTip" time="5.899"/>
  <system-out/>
  <testcase classname="testNG.Grouping" name="doubleClick" time="6.928"/>
  <system-out/>
</testsuite> <!-- testNG.Grouping -->
