<?xml version="1.0" encoding="UTF-8"?>
<!-- Generated by org.testng.reporters.JUnitReportReporter -->
<testsuite hostname="DESKTOP-AF33508" failures="0" tests="2" name="selenium.webdriver.webelements.WebTables" time="14.943" errors="0" timestamp="2021-02-06T12:19:08 IST" skipped="0">
  <testcase classname="selenium.webdriver.webelements.WebTables" name="webTables_ToolsQA" time="6.484"/>
  <system-out/>
  <testcase classname="selenium.webdriver.webelements.WebTables" name="webTables" time="8.459"/>
  <system-out/>
</testsuite> <!-- selenium.webdriver.webelements.WebTables -->
