<?xml version="1.0" encoding="UTF-8"?>
<!-- Generated by org.testng.reporters.JUnitReportReporter -->
<testsuite hostname="DESKTOP-AF33508" failures="0" tests="1" name="selenium.webdriver.webelements.RadioButton" time="9.022" errors="0" timestamp="2021-02-05T14:44:42 IST" skipped="0">
  <testcase classname="selenium.webdriver.webelements.RadioButton" name="radioButton1" time="9.022"/>
  <system-out/>
</testsuite> <!-- selenium.webdriver.webelements.RadioButton -->
