<?xml version="1.0" encoding="UTF-8"?>
<!-- Generated by org.testng.reporters.JUnitReportReporter -->
<testsuite hostname="DESKTOP-AF33508" failures="0" tests="1" name="selenium.webdriver.webelements.CheckBox" time="47.308" errors="0" timestamp="2021-02-05T14:55:51 IST" skipped="0">
  <testcase classname="selenium.webdriver.webelements.CheckBox" name="checkBox2" time="47.308"/>
  <system-out/>
</testsuite> <!-- selenium.webdriver.webelements.CheckBox -->
