<?xml version="1.0" encoding="UTF-8"?>
<!-- Generated by org.testng.reporters.JUnitReportReporter -->
<testsuite hostname="DESKTOP-AF33508" failures="0" tests="2" name="selenium.webdriver.webelements.TextBox" time="9.080" errors="0" timestamp="2021-02-05T14:15:32 IST" skipped="0">
  <testcase classname="selenium.webdriver.webelements.TextBox" name="textBox1" time="4.861"/>
  <system-out/>
  <testcase classname="selenium.webdriver.webelements.TextBox" name="textBox" time="4.219"/>
  <system-out/>
</testsuite> <!-- selenium.webdriver.webelements.TextBox -->
