<?xml version="1.0" encoding="UTF-8"?>
<!-- Generated by org.testng.reporters.JUnitReportReporter -->
<testsuite hostname="DESKTOP-AF33508" failures="0" tests="1" name="selenium.webdriver.datadriventesting.ReadDataFromExcelFile" time="0.561" errors="0" timestamp="2021-02-06T10:29:13 IST" skipped="0">
  <testcase classname="selenium.webdriver.datadriventesting.ReadDataFromExcelFile" name="read" time="0.561"/>
  <system-out/>
</testsuite> <!-- selenium.webdriver.datadriventesting.ReadDataFromExcelFile -->
