<?xml version="1.0" encoding="UTF-8"?>
<!-- Generated by org.testng.reporters.JUnitReportReporter -->
<testsuite hostname="DESKTOP-AF33508" failures="0" tests="3" name="testNG.DependencyMethods" time="9.226" errors="0" timestamp="2021-02-06T10:40:58 IST" skipped="0">
  <testcase classname="testNG.DependencyMethods" name="rightClick" time="5.658"/>
  <system-out/>
  <testcase classname="testNG.DependencyMethods" name="setup" time="3.505"/>
  <system-out/>
  <testcase classname="testNG.DependencyMethods" name="tearDown" time="0.063"/>
  <system-out/>
</testsuite> <!-- testNG.DependencyMethods -->
