<?xml version="1.0" encoding="UTF-8"?>
<!-- Generated by org.testng.reporters.JUnitReportReporter -->
<testsuite hostname="DESKTOP-AF33508" failures="0" tests="1" name="selenium.webdriver.webelements.DatePicker" time="9.345" errors="0" timestamp="2021-02-05T17:48:58 IST" skipped="0">
  <testcase classname="selenium.webdriver.webelements.DatePicker" name="datePicker2" time="9.345"/>
  <system-out/>
</testsuite> <!-- selenium.webdriver.webelements.DatePicker -->
