<?xml version="1.0" encoding="UTF-8"?>
<!-- Generated by org.testng.reporters.JUnitReportReporter -->
<testsuite hostname="DESKTOP-AF33508" failures="0" tests="1" name="selenium.webdriver.actionsclass.Resizing" time="6.360" errors="0" timestamp="2021-02-06T11:37:39 IST" skipped="0">
  <testcase classname="selenium.webdriver.actionsclass.Resizing" name="reSizing" time="6.360"/>
  <system-out/>
</testsuite> <!-- selenium.webdriver.actionsclass.Resizing -->
