<?xml version="1.0" encoding="UTF-8"?>
<!-- Generated by org.testng.reporters.JUnitReportReporter -->
<testsuite hostname="DESKTOP-AF33508" failures="0" tests="3" name="selenium.webdriver.actionsclass.DragDrop" time="23.591" errors="0" timestamp="2021-02-06T11:26:26 IST" skipped="0">
  <testcase classname="selenium.webdriver.actionsclass.DragDrop" name="dragDrop1" time="8.616"/>
  <system-out/>
  <testcase classname="selenium.webdriver.actionsclass.DragDrop" name="dragDrop" time="9.230"/>
  <system-out/>
  <testcase classname="selenium.webdriver.actionsclass.DragDrop" name="dragDrop2" time="5.745"/>
  <system-out/>
</testsuite> <!-- selenium.webdriver.actionsclass.DragDrop -->
