<?xml version="1.0" encoding="UTF-8"?>
<!-- Generated by org.testng.reporters.JUnitReportReporter -->
<testsuite hostname="DESKTOP-AF33508" failures="0" tests="2" name="testNG.ParallelTesting" time="17.119" errors="0" timestamp="2021-02-06T10:57:10 IST" skipped="0">
  <testcase classname="testNG.ParallelTesting" name="rightClick" time="9.866"/>
  <system-out/>
  <testcase classname="testNG.ParallelTesting" name="toolTip" time="7.253"/>
  <system-out/>
</testsuite> <!-- testNG.ParallelTesting -->
