<?xml version="1.0" encoding="UTF-8"?>
<!-- Generated by org.testng.reporters.JUnitReportReporter -->
<testsuite hostname="DESKTOP-AF33508" failures="0" tests="1" name="selenium.webdriver.webelements.IFrames" time="8.034" errors="0" timestamp="2021-01-31T16:59:09 IST" skipped="0">
  <testcase classname="selenium.webdriver.webelements.IFrames" name="iframes" time="8.034"/>
  <system-out/>
</testsuite> <!-- selenium.webdriver.webelements.IFrames -->
