<?xml version="1.0" encoding="UTF-8"?>
<!-- Generated by org.testng.reporters.JUnitReportReporter -->
<testsuite hostname="DESKTOP-AF33508" failures="0" tests="3" name="selenium.webdriver.actionsclass.RightClick" time="19.629" errors="0" timestamp="2021-02-06T11:30:43 IST" skipped="0">
  <testcase classname="selenium.webdriver.actionsclass.RightClick" name="rightClick2" time="5.781"/>
  <system-out/>
  <testcase classname="selenium.webdriver.actionsclass.RightClick" name="rightClick" time="4.917"/>
  <system-out/>
  <testcase classname="selenium.webdriver.actionsclass.RightClick" name="rightClick1" time="8.931"/>
  <system-out/>
</testsuite> <!-- selenium.webdriver.actionsclass.RightClick -->
