<?xml version="1.0" encoding="UTF-8"?>
<!-- Generated by org.testng.reporters.JUnitReportReporter -->
<testsuite hostname="DESKTOP-AF33508" failures="0" tests="1" name="selenium.webdriver.actionsclass.MouseOver" time="16.270" errors="0" timestamp="2021-02-06T11:29:28 IST" skipped="0">
  <testcase classname="selenium.webdriver.actionsclass.MouseOver" name="mouseOver" time="16.270"/>
  <system-out/>
</testsuite> <!-- selenium.webdriver.actionsclass.MouseOver -->
