<?xml version="1.0" encoding="UTF-8"?>
<!-- Generated by org.testng.reporters.JUnitReportReporter -->
<testsuite hostname="DESKTOP-AF33508" failures="0" tests="1" name="selenium.webdriver.advance.CaptureScreenShot" time="8.850" errors="0" timestamp="2021-02-06T12:16:09 IST" skipped="0">
  <testcase classname="selenium.webdriver.advance.CaptureScreenShot" name="Capturing_Screenshot" time="8.850"/>
  <system-out/>
</testsuite> <!-- selenium.webdriver.advance.CaptureScreenShot -->
